<?xml version="1.0" encoding="UTF-8"?>
<!-- Generated by org.testng.reporters.JUnitReportReporter -->
<testsuite hostname="DLI10-IT-DHRM" name="com.safexp.MDM.automation.testcases.TestngDemo" tests="1" failures="0" timestamp="18 Nov 2019 15:17:41 GMT" time="29.005" errors="0">
  <testcase name="hybridTestAutomation" time="29.005" classname="com.safexp.MDM.automation.testcases.TestngDemo"/>
</testsuite> <!-- com.safexp.MDM.automation.testcases.TestngDemo -->
