<?xml version="1.0" encoding="UTF-8"?>
<!-- Generated by org.testng.reporters.JUnitReportReporter -->
<testsuite hostname="DLI10-IT-MADHAV" failures="0" tests="3" name="com.safexp.MDM.automation.pagelibraryNew.SafexpressEPaymentPage" time="21.817" errors="0" timestamp="2023-02-27T12:07:59 IST" skipped="0">
  <testcase classname="com.safexp.MDM.automation.pagelibraryNew.SafexpressEPaymentPage" name="epaymentNAOpt" time="10.764"/>
  <system-out/>
  <testcase classname="com.safexp.MDM.automation.pagelibraryNew.SafexpressEPaymentPage" name="epaymentAutoOpt" time="3.527"/>
  <system-out/>
  <testcase classname="com.safexp.MDM.automation.pagelibraryNew.SafexpressEPaymentPage" name="epaymentManualOpt" time="7.526"/>
  <system-out/>
</testsuite> <!-- com.safexp.MDM.automation.pagelibraryNew.SafexpressEPaymentPage -->
