<?xml version="1.0" encoding="UTF-8"?>
<!-- Generated by org.testng.reporters.JUnitReportReporter -->
<testsuite hostname="DLI10-IT-MADHAV" failures="0" tests="1" name="com.safexp.MDM.automation.testcases.AllModules.MainTest_SIT" time="10.606" errors="0" timestamp="2023-01-23T15:19:00 IST" skipped="0">
  <testcase classname="com.safexp.MDM.automation.testcases.AllModules.MainTest_SIT" name="appLaunch" time="10.606"/>
  <system-out/>
</testsuite> <!-- com.safexp.MDM.automation.testcases.AllModules.MainTest_SIT -->
