<?xml version="1.0" encoding="UTF-8"?>
<!-- Generated by org.testng.reporters.JUnitReportReporter -->
<testsuite hostname="DLI10-IT-MADHAV" failures="0" tests="2" name="com.safexp.MDM.automation.testcases.AllModules.MainTest_RunTest" time="63.304" errors="0" timestamp="2023-02-01T11:49:20 IST" skipped="0">
  <testcase classname="com.safexp.MDM.automation.testcases.AllModules.MainTest_RunTest" name="track" time="30.544"/>
  <system-out/>
  <testcase classname="com.safexp.MDM.automation.testcases.AllModules.MainTest_RunTest" name="bookNow" time="32.760"/>
  <system-out/>
</testsuite> <!-- com.safexp.MDM.automation.testcases.AllModules.MainTest_RunTest -->
