<?xml version="1.0" encoding="UTF-8"?>
<!-- Generated by org.testng.reporters.JUnitReportReporter -->
<testsuite hostname="DLI10-IT-MADHAV" failures="0" tests="2" name="com.safexp.MDM.automation.pagelibraryNew.SafexpressRateAndTimePage" time="60.924" errors="0" timestamp="2023-02-28T11:33:02 IST" skipped="0">
  <testcase classname="com.safexp.MDM.automation.pagelibraryNew.SafexpressRateAndTimePage" name="rateAndTimeGetdtailsAndGetRate" time="21.462"/>
  <system-out/>
  <testcase classname="com.safexp.MDM.automation.pagelibraryNew.SafexpressRateAndTimePage" name="rateAndTimeCalculate" time="39.462"/>
  <system-out/>
</testsuite> <!-- com.safexp.MDM.automation.pagelibraryNew.SafexpressRateAndTimePage -->
