<?xml version="1.0" encoding="UTF-8"?>
<!-- Generated by org.testng.reporters.JUnitReportReporter -->
<testsuite hostname="DESKTOP-O94L9J6" name="com.safexp.MDM.automation.testcases.AllModules.MainTest" tests="1" failures="0" timestamp="6 Jan 2021 09:43:10 GMT" time="76.708" errors="0">
  <testcase name="hybridTestAutomation" time="76.708" classname="com.safexp.MDM.automation.testcases.AllModules.MainTest"/>
</testsuite> <!-- com.safexp.MDM.automation.testcases.AllModules.MainTest -->
