<?xml version="1.0" encoding="UTF-8"?>
<!-- Generated by org.testng.reporters.JUnitReportReporter -->
<testsuite hostname="DLI10-IT-MADHAV" failures="0" tests="1" name="com.safex.MDM.automation.JenkinsParameterisedDemo" time="0.006" errors="0" timestamp="2023-01-26T11:18:11 IST" skipped="0">
  <testcase classname="com.safex.MDM.automation.JenkinsParameterisedDemo" name="fetchParameterfromJenkins" time="0.006"/>
  <system-out/>
</testsuite> <!-- com.safex.MDM.automation.JenkinsParameterisedDemo -->
