<?xml version="1.0" encoding="UTF-8"?>
<!-- Generated by org.testng.reporters.JUnitReportReporter -->
<testsuite hostname="DLI10-IT-DHRM" name="com.safexp.MDM.automation.testcases.ExtentReportDemo" tests="2" failures="0" timestamp="5 Nov 2019 05:09:42 GMT" time="12.311" errors="0">
  <testcase name="m1" time="7.979" classname="com.safexp.MDM.automation.testcases.ExtentReportDemo"/>
  <testcase name="m1" time="4.332" classname="com.safexp.MDM.automation.testcases.ExtentReportDemo"/>
</testsuite> <!-- com.safexp.MDM.automation.testcases.ExtentReportDemo -->
