<?xml version="1.0" encoding="UTF-8"?>
<!-- Generated by org.testng.reporters.JUnitReportReporter -->
<testsuite hostname="DLI10-IT-MADHAV" failures="0" tests="1" name="com.safexp.MDM.automation.pagelibraryNew.SafexpressBookNowPage" time="15.722" errors="0" timestamp="2023-02-28T11:39:54 IST" skipped="0">
  <testcase classname="com.safexp.MDM.automation.pagelibraryNew.SafexpressBookNowPage" name="bookNow" time="15.722"/>
  <system-out/>
</testsuite> <!-- com.safexp.MDM.automation.pagelibraryNew.SafexpressBookNowPage -->
